Arguments: 
  /usr/local/bin/node /usr/local/Cellar/yarn/1.22.19/libexec/bin/yarn.js

PATH: 
  /Library/Frameworks/Python.framework/Versions/3.9/bin:/usr/local/bin:/usr/bin:/bin:/usr/sbin:/sbin:/Library/Apple/usr/bin:/Library/Frameworks/Python.framework/Versions/3.9/bin

Yarn version: 
  1.22.19

Node version: 
  16.17.0

Platform: 
  darwin x64

Trace: 
  Error: ENOENT: no such file or directory, copyfile '/Users/jojo/Library/Caches/Yarn/v6/npm-get-stream-6.0.1-a262d8eef67aced57c2852ad6167526a43cbf7b7-integrity/node_modules/get-stream/buffer-stream.js' -> '/Users/jojo/Desktop/Greenet/You-Dont-Know-Algorithm/node_modules/lint-staged/node_modules/get-stream/buffer-stream.js'

npm manifest: 
  {
    "name": "You-Dont-Know-Algorithm",
    "version": "0.0.1",
    "description": "You-Dont-Know-Algorithm",
    "license": "MIT",
    "scripts": {
      "build": "dumi build",
      "dev": "dumi dev",
      "git": "sh git.sh",
      "prepare": "husky install && dumi setup",
      "start": "npm run dev"
    },
    "commitlint": {
      "extends": [
        "@commitlint/config-conventional"
      ]
    },
    "lint-staged": {
      "*.{md,json}": [
        "prettier --write --no-error-on-unmatched-pattern"
      ]
    },
    "devDependencies": {
      "@commitlint/cli": "^17.1.2",
      "@commitlint/config-conventional": "^17.1.0",
      "dumi": "^2.0.2",
      "husky": "^8.0.1",
      "lint-staged": "^13.0.3",
      "prettier": "^2.7.1"
    },
    "authors": [
      "maxueming"
    ]
  }

yarn manifest: 
  No manifest

Lockfile: 
  No lockfile
